<?xml version="1.0" encoding="UTF-8"?>
<!-- Generated by org.testng.reporters.JUnitXMLReporter -->
<testsuite hostname="ASDA0088" name="Default test" tests="3" failures="0" timestamp="28 Jun 2018 10:12:52 GMT" time="7.316" errors="0">
  <testcase name="opensearchEngine" time="3.858" classname="http_client.gmail_compose.googlesearch"/>
  <testcase name="TestEntries" time="1.015" classname="http_client.gmail_compose.googlesearch"/>
  <testcase name="checkloginComplete" time="2.43" classname="http_client.gmail_compose.googlesearch"/>
</testsuite> <!-- Default test -->
